<?xml version="1.0" encoding="UTF-8"?>
<!-- Generated by org.testng.reporters.JUnitXMLReporter -->
<testsuite hostname="DESKTOP-K0A3VPP" ignored="0" name="PracticeTest" tests="6" failures="0" timestamp="2023-03-08T23:43:25 IST" time="69.968" errors="0">
  <testcase name="verifyLoginWithInValidDetails" time="4.025" classname="testCases.LoginTest"/>
  <testcase name="verifyLoginwithValidDeatils" time="4.392" classname="testCases.LoginTest"/>
  <testcase name="verifyLoginwithValidDeatils" time="3.306" classname="testCases.LoginTest"/>
  <testcase name="Registration" time="4.305" classname="testCases.RegisterTest"/>
  <testcase name="Registration" time="4.105" classname="testCases.RegisterTest"/>
  <testcase name="Registration" time="8.076" classname="testCases.FlightTest"/>
</testsuite> <!-- PracticeTest -->
